# JRE version: Java(TM) SE Runtime Environment (8.0_131-b11) (build 1.8.0_131-b11)
# Java VM: Java HotSpot(TM) 64-Bit Server VM (25.131-b11 mixed mode windows-amd64 compressed oops)
Heap:
 PSYoungGen      total 140800K, used 18452K [0x000000076b580000, 0x000000077de80000, 0x00000007c0000000)
  eden space 130048K, 5% used [0x000000076b580000,0x000000076bd0b028,0x0000000773480000)
  from space 10752K, 99% used [0x0000000773480000,0x0000000773efa020,0x0000000773f00000)
  to   space 22016K, 0% used [0x000000077c900000,0x000000077c900000,0x000000077de80000)
 ParOldGen       total 173568K, used 21235K [0x00000006c2000000, 0x00000006cc980000, 0x000000076b580000)
  object space 173568K, 12% used [0x00000006c2000000,0x00000006c34bcd98,0x00000006cc980000)
 Metaspace       used 19639K, capacity 20188K, committed 20480K, reserved 1067008K
  class space    used 2263K, capacity 2439K, committed 2560K, reserved 1048576K
GC Heap History (10 events):
Event: 0.761 GC heap before
{Heap before GC invocations=1 (full 0):
 PSYoungGen      total 75776K, used 65024K [0x000000076b580000, 0x0000000770a00000, 0x00000007c0000000)
  eden space 65024K, 100% used [0x000000076b580000,0x000000076f500000,0x000000076f500000)
  from space 10752K, 0% used [0x000000076ff80000,0x000000076ff80000,0x0000000770a00000)
  to   space 10752K, 0% used [0x000000076f500000,0x000000076f500000,0x000000076ff80000)
 ParOldGen       total 173568K, used 0K [0x00000006c2000000, 0x00000006cc980000, 0x000000076b580000)
  object space 173568K, 0% used [0x00000006c2000000,0x00000006c2000000,0x00000006cc980000)
 Metaspace       used 11415K, capacity 11678K, committed 11776K, reserved 1058816K
  class space    used 1429K, capacity 1511K, committed 1536K, reserved 1048576K
Event: 0.769 GC heap after
Heap after GC invocations=1 (full 0):
 PSYoungGen      total 75776K, used 9360K [0x000000076b580000, 0x0000000770a00000, 0x00000007c0000000)
  eden space 65024K, 0% used [0x000000076b580000,0x000000076b580000,0x000000076f500000)
  from space 10752K, 87% used [0x000000076f500000,0x000000076fe240e0,0x000000076ff80000)
  to   space 10752K, 0% used [0x000000076ff80000,0x000000076ff80000,0x0000000770a00000)
 ParOldGen       total 173568K, used 16K [0x00000006c2000000, 0x00000006cc980000, 0x000000076b580000)
  object space 173568K, 0% used [0x00000006c2000000,0x00000006c2004000,0x00000006cc980000)
 Metaspace       used 11415K, capacity 11678K, committed 11776K, reserved 1058816K
  class space    used 1429K, capacity 1511K, committed 1536K, reserved 1048576K
}
Event: 1.679 GC heap before
{Heap before GC invocations=2 (full 0):
 PSYoungGen      total 75776K, used 74384K [0x000000076b580000, 0x0000000770a00000, 0x00000007c0000000)
  eden space 65024K, 100% used [0x000000076b580000,0x000000076f500000,0x000000076f500000)
  from space 10752K, 87% used [0x000000076f500000,0x000000076fe240e0,0x000000076ff80000)
  to   space 10752K, 0% used [0x000000076ff80000,0x000000076ff80000,0x0000000770a00000)
 ParOldGen       total 173568K, used 16K [0x00000006c2000000, 0x00000006cc980000, 0x000000076b580000)
  object space 173568K, 0% used [0x00000006c2000000,0x00000006c2004000,0x00000006cc980000)
 Metaspace       used 15075K, capacity 15370K, committed 15488K, reserved 1062912K
  class space    used 1839K, capacity 1913K, committed 1920K, reserved 1048576K
Event: 1.695 GC heap after
Heap after GC invocations=2 (full 0):
 PSYoungGen      total 75776K, used 10744K [0x000000076b580000, 0x0000000774980000, 0x00000007c0000000)
  eden space 65024K, 0% used [0x000000076b580000,0x000000076b580000,0x000000076f500000)
  from space 10752K, 99% used [0x000000076ff80000,0x00000007709fe050,0x0000000770a00000)
  to   space 10752K, 0% used [0x000000076f500000,0x000000076f500000,0x000000076ff80000)
 ParOldGen       total 173568K, used 2516K [0x00000006c2000000, 0x00000006cc980000, 0x000000076b580000)
  object space 173568K, 1% used [0x00000006c2000000,0x00000006c22752b8,0x00000006cc980000)
 Metaspace       used 15075K, capacity 15370K, committed 15488K, reserved 1062912K
  class space    used 1839K, capacity 1913K, committed 1920K, reserved 1048576K
}
Event: 2.949 GC heap before
{Heap before GC invocations=3 (full 0):
 PSYoungGen      total 75776K, used 75768K [0x000000076b580000, 0x0000000774980000, 0x00000007c0000000)
  eden space 65024K, 100% used [0x000000076b580000,0x000000076f500000,0x000000076f500000)
  from space 10752K, 99% used [0x000000076ff80000,0x00000007709fe050,0x0000000770a00000)
  to   space 10752K, 0% used [0x000000076f500000,0x000000076f500000,0x000000076ff80000)
 ParOldGen       total 173568K, used 2516K [0x00000006c2000000, 0x00000006cc980000, 0x000000076b580000)
  object space 173568K, 1% used [0x00000006c2000000,0x00000006c22752b8,0x00000006cc980000)
 Metaspace       used 15717K, capacity 16072K, committed 16384K, reserved 1062912K
  class space    used 1876K, capacity 1950K, committed 2048K, reserved 1048576K
Event: 2.963 GC heap after
Heap after GC invocations=3 (full 0):
 PSYoungGen      total 75776K, used 10744K [0x000000076b580000, 0x0000000774980000, 0x00000007c0000000)
  eden space 65024K, 0% used [0x000000076b580000,0x000000076b580000,0x000000076f500000)
  from space 10752K, 99% used [0x000000076f500000,0x000000076ff7e050,0x000000076ff80000)
  to   space 10752K, 0% used [0x0000000773f00000,0x0000000773f00000,0x0000000774980000)
 ParOldGen       total 173568K, used 7761K [0x00000006c2000000, 0x00000006cc980000, 0x000000076b580000)
  object space 173568K, 4% used [0x00000006c2000000,0x00000006c27944c8,0x00000006cc980000)
 Metaspace       used 15717K, capacity 16072K, committed 16384K, reserved 1062912K
  class space    used 1876K, capacity 1950K, committed 2048K, reserved 1048576K
}
Event: 3.640 GC heap before
{Heap before GC invocations=4 (full 0):
 PSYoungGen      total 75776K, used 75768K [0x000000076b580000, 0x0000000774980000, 0x00000007c0000000)
  eden space 65024K, 100% used [0x000000076b580000,0x000000076f500000,0x000000076f500000)
  from space 10752K, 99% used [0x000000076f500000,0x000000076ff7e050,0x000000076ff80000)
  to   space 10752K, 0% used [0x0000000773f00000,0x0000000773f00000,0x0000000774980000)
 ParOldGen       total 173568K, used 7761K [0x00000006c2000000, 0x00000006cc980000, 0x000000076b580000)
  object space 173568K, 4% used [0x00000006c2000000,0x00000006c27944c8,0x00000006cc980000)
 Metaspace       used 16088K, capacity 16448K, committed 16640K, reserved 1064960K
  class space    used 1891K, capacity 1986K, committed 2048K, reserved 1048576K
Event: 3.658 GC heap after
Heap after GC invocations=4 (full 0):
 PSYoungGen      total 140800K, used 10728K [0x000000076b580000, 0x0000000774980000, 0x00000007c0000000)
  eden space 130048K, 0% used [0x000000076b580000,0x000000076b580000,0x0000000773480000)
  from space 10752K, 99% used [0x0000000773f00000,0x000000077497a020,0x0000000774980000)
  to   space 10752K, 0% used [0x0000000773480000,0x0000000773480000,0x0000000773f00000)
 ParOldGen       total 173568K, used 13161K [0x00000006c2000000, 0x00000006cc980000, 0x000000076b580000)
  object space 173568K, 7% used [0x00000006c2000000,0x00000006c2cda650,0x00000006cc980000)
 Metaspace       used 16088K, capacity 16448K, committed 16640K, reserved 1064960K
  class space    used 1891K, capacity 1986K, committed 2048K, reserved 1048576K
}
Event: 15.446 GC heap before
{Heap before GC invocations=5 (full 0):
 PSYoungGen      total 140800K, used 140776K [0x000000076b580000, 0x0000000774980000, 0x00000007c0000000)
  eden space 130048K, 100% used [0x000000076b580000,0x0000000773480000,0x0000000773480000)
  from space 10752K, 99% used [0x0000000773f00000,0x000000077497a020,0x0000000774980000)
  to   space 10752K, 0% used [0x0000000773480000,0x0000000773480000,0x0000000773f00000)
 ParOldGen       total 173568K, used 13161K [0x00000006c2000000, 0x00000006cc980000, 0x000000076b580000)
  object space 173568K, 7% used [0x00000006c2000000,0x00000006c2cda650,0x00000006cc980000)
 Metaspace       used 19629K, capacity 20188K, committed 20480K, reserved 1067008K
  class space    used 2263K, capacity 2439K, committed 2560K, reserved 1048576K
Event: 15.465 GC heap after
Heap after GC invocations=5 (full 0):
 PSYoungGen      total 140800K, used 10728K [0x000000076b580000, 0x000000077de80000, 0x00000007c0000000)
  eden space 130048K, 0% used [0x000000076b580000,0x000000076b580000,0x0000000773480000)
  from space 10752K, 99% used [0x0000000773480000,0x0000000773efa020,0x0000000773f00000)
  to   space 22016K, 0% used [0x000000077c900000,0x000000077c900000,0x000000077de80000)
 ParOldGen       total 173568K, used 21235K [0x00000006c2000000, 0x00000006cc980000, 0x000000076b580000)
  object space 173568K, 12% used [0x00000006c2000000,0x00000006c34bcd98,0x00000006cc980000)
 Metaspace       used 19629K, capacity 20188K, committed 20480K, reserved 1067008K
  class space    used 2263K, capacity 2439K, committed 2560K, reserved 1048576K
}

